<?xml version="1.0" encoding="UTF-8" ?>
<!DOCTYPE mapper
        PUBLIC "-//mybatis.org//DTD Mapper 3.0//EN"
        "http://mybatis.org/dtd/mybatis-3-mapper.dtd">

<mapper namespace = "api.vtwspring.test.testmapper">

    <select id="test" resultType="int">
        SELECT
            2
        FROM
            DUAL
    </select>


</mapper>